  stdafx.cpp
C:\Program Files (x86)\Windows Kits\8.1\Include\shared\ntstatus.h(66): warning C4005: 'STATUS_WAIT_0': macro redefinition
  C:\Program Files (x86)\Windows Kits\8.1\Include\um\winnt.h(2210): note: see previous definition of 'STATUS_WAIT_0'
C:\Program Files (x86)\Windows Kits\8.1\Include\shared\ntstatus.h(212): warning C4005: 'STATUS_ABANDONED_WAIT_0': macro redefinition
  C:\Program Files (x86)\Windows Kits\8.1\Include\um\winnt.h(2211): note: see previous definition of 'STATUS_ABANDONED_WAIT_0'
C:\Program Files (x86)\Windows Kits\8.1\Include\shared\ntstatus.h(235): warning C4005: 'STATUS_USER_APC': macro redefinition
  C:\Program Files (x86)\Windows Kits\8.1\Include\um\winnt.h(2212): note: see previous definition of 'STATUS_USER_APC'
C:\Program Files (x86)\Windows Kits\8.1\Include\shared\ntstatus.h(262): warning C4005: 'STATUS_TIMEOUT': macro redefinition
  C:\Program Files (x86)\Windows Kits\8.1\Include\um\winnt.h(2213): note: see previous definition of 'STATUS_TIMEOUT'
C:\Program Files (x86)\Windows Kits\8.1\Include\shared\ntstatus.h(271): warning C4005: 'STATUS_PENDING': macro redefinition
  C:\Program Files (x86)\Windows Kits\8.1\Include\um\winnt.h(2214): note: see previous definition of 'STATUS_PENDING'
C:\Program Files (x86)\Windows Kits\8.1\Include\shared\ntstatus.h(682): warning C4005: 'DBG_EXCEPTION_HANDLED': macro redefinition
  C:\Program Files (x86)\Windows Kits\8.1\Include\um\winnt.h(2215): note: see previous definition of 'DBG_EXCEPTION_HANDLED'
C:\Program Files (x86)\Windows Kits\8.1\Include\shared\ntstatus.h(691): warning C4005: 'DBG_CONTINUE': macro redefinition
  C:\Program Files (x86)\Windows Kits\8.1\Include\um\winnt.h(2216): note: see previous definition of 'DBG_CONTINUE'
C:\Program Files (x86)\Windows Kits\8.1\Include\shared\ntstatus.h(766): warning C4005: 'STATUS_SEGMENT_NOTIFICATION': macro redefinition
  C:\Program Files (x86)\Windows Kits\8.1\Include\um\winnt.h(2217): note: see previous definition of 'STATUS_SEGMENT_NOTIFICATION'
C:\Program Files (x86)\Windows Kits\8.1\Include\shared\ntstatus.h(929): warning C4005: 'STATUS_FATAL_APP_EXIT': macro redefinition
  C:\Program Files (x86)\Windows Kits\8.1\Include\um\winnt.h(2218): note: see previous definition of 'STATUS_FATAL_APP_EXIT'
C:\Program Files (x86)\Windows Kits\8.1\Include\shared\ntstatus.h(1258): warning C4005: 'DBG_TERMINATE_THREAD': macro redefinition
  C:\Program Files (x86)\Windows Kits\8.1\Include\um\winnt.h(2219): note: see previous definition of 'DBG_TERMINATE_THREAD'
C:\Program Files (x86)\Windows Kits\8.1\Include\shared\ntstatus.h(1267): warning C4005: 'DBG_TERMINATE_PROCESS': macro redefinition
  C:\Program Files (x86)\Windows Kits\8.1\Include\um\winnt.h(2220): note: see previous definition of 'DBG_TERMINATE_PROCESS'
C:\Program Files (x86)\Windows Kits\8.1\Include\shared\ntstatus.h(1276): warning C4005: 'DBG_CONTROL_C': macro redefinition
  C:\Program Files (x86)\Windows Kits\8.1\Include\um\winnt.h(2221): note: see previous definition of 'DBG_CONTROL_C'
C:\Program Files (x86)\Windows Kits\8.1\Include\shared\ntstatus.h(1285): warning C4005: 'DBG_PRINTEXCEPTION_C': macro redefinition
  C:\Program Files (x86)\Windows Kits\8.1\Include\um\winnt.h(2222): note: see previous definition of 'DBG_PRINTEXCEPTION_C'
C:\Program Files (x86)\Windows Kits\8.1\Include\shared\ntstatus.h(1294): warning C4005: 'DBG_RIPEXCEPTION': macro redefinition
  C:\Program Files (x86)\Windows Kits\8.1\Include\um\winnt.h(2223): note: see previous definition of 'DBG_RIPEXCEPTION'
C:\Program Files (x86)\Windows Kits\8.1\Include\shared\ntstatus.h(1303): warning C4005: 'DBG_CONTROL_BREAK': macro redefinition
  C:\Program Files (x86)\Windows Kits\8.1\Include\um\winnt.h(2224): note: see previous definition of 'DBG_CONTROL_BREAK'
C:\Program Files (x86)\Windows Kits\8.1\Include\shared\ntstatus.h(1312): warning C4005: 'DBG_COMMAND_EXCEPTION': macro redefinition
  C:\Program Files (x86)\Windows Kits\8.1\Include\um\winnt.h(2225): note: see previous definition of 'DBG_COMMAND_EXCEPTION'
C:\Program Files (x86)\Windows Kits\8.1\Include\shared\ntstatus.h(1344): warning C4005: 'STATUS_GUARD_PAGE_VIOLATION': macro redefinition
  C:\Program Files (x86)\Windows Kits\8.1\Include\um\winnt.h(2226): note: see previous definition of 'STATUS_GUARD_PAGE_VIOLATION'
C:\Program Files (x86)\Windows Kits\8.1\Include\shared\ntstatus.h(1355): warning C4005: 'STATUS_DATATYPE_MISALIGNMENT': macro redefinition
  C:\Program Files (x86)\Windows Kits\8.1\Include\um\winnt.h(2227): note: see previous definition of 'STATUS_DATATYPE_MISALIGNMENT'
C:\Program Files (x86)\Windows Kits\8.1\Include\shared\ntstatus.h(1366): warning C4005: 'STATUS_BREAKPOINT': macro redefinition
  C:\Program Files (x86)\Windows Kits\8.1\Include\um\winnt.h(2228): note: see previous definition of 'STATUS_BREAKPOINT'
C:\Program Files (x86)\Windows Kits\8.1\Include\shared\ntstatus.h(1377): warning C4005: 'STATUS_SINGLE_STEP': macro redefinition
  C:\Program Files (x86)\Windows Kits\8.1\Include\um\winnt.h(2229): note: see previous definition of 'STATUS_SINGLE_STEP'
C:\Program Files (x86)\Windows Kits\8.1\Include\shared\ntstatus.h(1680): warning C4005: 'STATUS_LONGJUMP': macro redefinition
  C:\Program Files (x86)\Windows Kits\8.1\Include\um\winnt.h(2230): note: see previous definition of 'STATUS_LONGJUMP'
C:\Program Files (x86)\Windows Kits\8.1\Include\shared\ntstatus.h(1707): warning C4005: 'STATUS_UNWIND_CONSOLIDATE': macro redefinition
  C:\Program Files (x86)\Windows Kits\8.1\Include\um\winnt.h(2231): note: see previous definition of 'STATUS_UNWIND_CONSOLIDATE'
C:\Program Files (x86)\Windows Kits\8.1\Include\shared\ntstatus.h(1784): warning C4005: 'DBG_EXCEPTION_NOT_HANDLED': macro redefinition
  C:\Program Files (x86)\Windows Kits\8.1\Include\um\winnt.h(2232): note: see previous definition of 'DBG_EXCEPTION_NOT_HANDLED'
C:\Program Files (x86)\Windows Kits\8.1\Include\shared\ntstatus.h(1913): warning C4005: 'STATUS_ACCESS_VIOLATION': macro redefinition
  C:\Program Files (x86)\Windows Kits\8.1\Include\um\winnt.h(2233): note: see previous definition of 'STATUS_ACCESS_VIOLATION'
C:\Program Files (x86)\Windows Kits\8.1\Include\shared\ntstatus.h(1922): warning C4005: 'STATUS_IN_PAGE_ERROR': macro redefinition
  C:\Program Files (x86)\Windows Kits\8.1\Include\um\winnt.h(2234): note: see previous definition of 'STATUS_IN_PAGE_ERROR'
C:\Program Files (x86)\Windows Kits\8.1\Include\shared\ntstatus.h(1940): warning C4005: 'STATUS_INVALID_HANDLE': macro redefinition
  C:\Program Files (x86)\Windows Kits\8.1\Include\um\winnt.h(2235): note: see previous definition of 'STATUS_INVALID_HANDLE'
C:\Program Files (x86)\Windows Kits\8.1\Include\shared\ntstatus.h(1985): warning C4005: 'STATUS_INVALID_PARAMETER': macro redefinition
  C:\Program Files (x86)\Windows Kits\8.1\Include\um\winnt.h(2236): note: see previous definition of 'STATUS_INVALID_PARAMETER'
C:\Program Files (x86)\Windows Kits\8.1\Include\shared\ntstatus.h(2085): warning C4005: 'STATUS_NO_MEMORY': macro redefinition
  C:\Program Files (x86)\Windows Kits\8.1\Include\um\winnt.h(2237): note: see previous definition of 'STATUS_NO_MEMORY'
C:\Program Files (x86)\Windows Kits\8.1\Include\shared\ntstatus.h(2142): warning C4005: 'STATUS_ILLEGAL_INSTRUCTION': macro redefinition
  C:\Program Files (x86)\Windows Kits\8.1\Include\um\winnt.h(2238): note: see previous definition of 'STATUS_ILLEGAL_INSTRUCTION'
C:\Program Files (x86)\Windows Kits\8.1\Include\shared\ntstatus.h(2223): warning C4005: 'STATUS_NONCONTINUABLE_EXCEPTION': macro redefinition
  C:\Program Files (x86)\Windows Kits\8.1\Include\um\winnt.h(2239): note: see previous definition of 'STATUS_NONCONTINUABLE_EXCEPTION'
C:\Program Files (x86)\Windows Kits\8.1\Include\shared\ntstatus.h(2232): warning C4005: 'STATUS_INVALID_DISPOSITION': macro redefinition
  C:\Program Files (x86)\Windows Kits\8.1\Include\um\winnt.h(2240): note: see previous definition of 'STATUS_INVALID_DISPOSITION'
C:\Program Files (x86)\Windows Kits\8.1\Include\shared\ntstatus.h(3155): warning C4005: 'STATUS_ARRAY_BOUNDS_EXCEEDED': macro redefinition
  C:\Program Files (x86)\Windows Kits\8.1\Include\um\winnt.h(2241): note: see previous definition of 'STATUS_ARRAY_BOUNDS_EXCEEDED'
C:\Program Files (x86)\Windows Kits\8.1\Include\shared\ntstatus.h(3165): warning C4005: 'STATUS_FLOAT_DENORMAL_OPERAND': macro redefinition
  C:\Program Files (x86)\Windows Kits\8.1\Include\um\winnt.h(2242): note: see previous definition of 'STATUS_FLOAT_DENORMAL_OPERAND'
C:\Program Files (x86)\Windows Kits\8.1\Include\shared\ntstatus.h(3175): warning C4005: 'STATUS_FLOAT_DIVIDE_BY_ZERO': macro redefinition
  C:\Program Files (x86)\Windows Kits\8.1\Include\um\winnt.h(2243): note: see previous definition of 'STATUS_FLOAT_DIVIDE_BY_ZERO'
C:\Program Files (x86)\Windows Kits\8.1\Include\shared\ntstatus.h(3185): warning C4005: 'STATUS_FLOAT_INEXACT_RESULT': macro redefinition
  C:\Program Files (x86)\Windows Kits\8.1\Include\um\winnt.h(2244): note: see previous definition of 'STATUS_FLOAT_INEXACT_RESULT'
C:\Program Files (x86)\Windows Kits\8.1\Include\shared\ntstatus.h(3195): warning C4005: 'STATUS_FLOAT_INVALID_OPERATION': macro redefinition
  C:\Program Files (x86)\Windows Kits\8.1\Include\um\winnt.h(2245): note: see previous definition of 'STATUS_FLOAT_INVALID_OPERATION'
C:\Program Files (x86)\Windows Kits\8.1\Include\shared\ntstatus.h(3205): warning C4005: 'STATUS_FLOAT_OVERFLOW': macro redefinition
  C:\Program Files (x86)\Windows Kits\8.1\Include\um\winnt.h(2246): note: see previous definition of 'STATUS_FLOAT_OVERFLOW'
C:\Program Files (x86)\Windows Kits\8.1\Include\shared\ntstatus.h(3215): warning C4005: 'STATUS_FLOAT_STACK_CHECK': macro redefinition
  C:\Program Files (x86)\Windows Kits\8.1\Include\um\winnt.h(2247): note: see previous definition of 'STATUS_FLOAT_STACK_CHECK'
C:\Program Files (x86)\Windows Kits\8.1\Include\shared\ntstatus.h(3225): warning C4005: 'STATUS_FLOAT_UNDERFLOW': macro redefinition
  C:\Program Files (x86)\Windows Kits\8.1\Include\um\winnt.h(2248): note: see previous definition of 'STATUS_FLOAT_UNDERFLOW'
C:\Program Files (x86)\Windows Kits\8.1\Include\shared\ntstatus.h(3235): warning C4005: 'STATUS_INTEGER_DIVIDE_BY_ZERO': macro redefinition
  C:\Program Files (x86)\Windows Kits\8.1\Include\um\winnt.h(2249): note: see previous definition of 'STATUS_INTEGER_DIVIDE_BY_ZERO'
C:\Program Files (x86)\Windows Kits\8.1\Include\shared\ntstatus.h(3245): warning C4005: 'STATUS_INTEGER_OVERFLOW': macro redefinition
  C:\Program Files (x86)\Windows Kits\8.1\Include\um\winnt.h(2250): note: see previous definition of 'STATUS_INTEGER_OVERFLOW'
C:\Program Files (x86)\Windows Kits\8.1\Include\shared\ntstatus.h(3255): warning C4005: 'STATUS_PRIVILEGED_INSTRUCTION': macro redefinition
  C:\Program Files (x86)\Windows Kits\8.1\Include\um\winnt.h(2251): note: see previous definition of 'STATUS_PRIVILEGED_INSTRUCTION'
C:\Program Files (x86)\Windows Kits\8.1\Include\shared\ntstatus.h(4201): warning C4005: 'STATUS_STACK_OVERFLOW': macro redefinition
  C:\Program Files (x86)\Windows Kits\8.1\Include\um\winnt.h(2252): note: see previous definition of 'STATUS_STACK_OVERFLOW'
C:\Program Files (x86)\Windows Kits\8.1\Include\shared\ntstatus.h(4718): warning C4005: 'STATUS_DLL_NOT_FOUND': macro redefinition
  C:\Program Files (x86)\Windows Kits\8.1\Include\um\winnt.h(2253): note: see previous definition of 'STATUS_DLL_NOT_FOUND'
C:\Program Files (x86)\Windows Kits\8.1\Include\shared\ntstatus.h(4747): warning C4005: 'STATUS_ORDINAL_NOT_FOUND': macro redefinition
  C:\Program Files (x86)\Windows Kits\8.1\Include\um\winnt.h(2254): note: see previous definition of 'STATUS_ORDINAL_NOT_FOUND'
C:\Program Files (x86)\Windows Kits\8.1\Include\shared\ntstatus.h(4757): warning C4005: 'STATUS_ENTRYPOINT_NOT_FOUND': macro redefinition
  C:\Program Files (x86)\Windows Kits\8.1\Include\um\winnt.h(2255): note: see previous definition of 'STATUS_ENTRYPOINT_NOT_FOUND'
C:\Program Files (x86)\Windows Kits\8.1\Include\shared\ntstatus.h(4767): warning C4005: 'STATUS_CONTROL_C_EXIT': macro redefinition
  C:\Program Files (x86)\Windows Kits\8.1\Include\um\winnt.h(2256): note: see previous definition of 'STATUS_CONTROL_C_EXIT'
C:\Program Files (x86)\Windows Kits\8.1\Include\shared\ntstatus.h(4845): warning C4005: 'STATUS_DLL_INIT_FAILED': macro redefinition
  C:\Program Files (x86)\Windows Kits\8.1\Include\um\winnt.h(2257): note: see previous definition of 'STATUS_DLL_INIT_FAILED'
C:\Program Files (x86)\Windows Kits\8.1\Include\shared\ntstatus.h(7319): warning C4005: 'STATUS_FLOAT_MULTIPLE_FAULTS': macro redefinition
  C:\Program Files (x86)\Windows Kits\8.1\Include\um\winnt.h(2258): note: see previous definition of 'STATUS_FLOAT_MULTIPLE_FAULTS'
C:\Program Files (x86)\Windows Kits\8.1\Include\shared\ntstatus.h(7329): warning C4005: 'STATUS_FLOAT_MULTIPLE_TRAPS': macro redefinition
  C:\Program Files (x86)\Windows Kits\8.1\Include\um\winnt.h(2259): note: see previous definition of 'STATUS_FLOAT_MULTIPLE_TRAPS'
C:\Program Files (x86)\Windows Kits\8.1\Include\shared\ntstatus.h(7461): warning C4005: 'STATUS_REG_NAT_CONSUMPTION': macro redefinition
  C:\Program Files (x86)\Windows Kits\8.1\Include\um\winnt.h(2260): note: see previous definition of 'STATUS_REG_NAT_CONSUMPTION'
C:\Program Files (x86)\Windows Kits\8.1\Include\shared\ntstatus.h(8435): warning C4005: 'STATUS_HEAP_CORRUPTION': macro redefinition
  C:\Program Files (x86)\Windows Kits\8.1\Include\um\winnt.h(2261): note: see previous definition of 'STATUS_HEAP_CORRUPTION'
C:\Program Files (x86)\Windows Kits\8.1\Include\shared\ntstatus.h(8663): warning C4005: 'STATUS_STACK_BUFFER_OVERRUN': macro redefinition
  C:\Program Files (x86)\Windows Kits\8.1\Include\um\winnt.h(2262): note: see previous definition of 'STATUS_STACK_BUFFER_OVERRUN'
C:\Program Files (x86)\Windows Kits\8.1\Include\shared\ntstatus.h(8790): warning C4005: 'STATUS_INVALID_CRUNTIME_PARAMETER': macro redefinition
  C:\Program Files (x86)\Windows Kits\8.1\Include\um\winnt.h(2263): note: see previous definition of 'STATUS_INVALID_CRUNTIME_PARAMETER'
C:\Program Files (x86)\Windows Kits\8.1\Include\shared\ntstatus.h(8853): warning C4005: 'STATUS_ASSERTION_FAILURE': macro redefinition
  C:\Program Files (x86)\Windows Kits\8.1\Include\um\winnt.h(2264): note: see previous definition of 'STATUS_ASSERTION_FAILURE'
C:\Program Files (x86)\Windows Kits\8.1\Include\shared\ntstatus.h(12894): warning C4005: 'STATUS_SXS_EARLY_DEACTIVATION': macro redefinition
  C:\Program Files (x86)\Windows Kits\8.1\Include\um\winnt.h(2266): note: see previous definition of 'STATUS_SXS_EARLY_DEACTIVATION'
C:\Program Files (x86)\Windows Kits\8.1\Include\shared\ntstatus.h(12903): warning C4005: 'STATUS_SXS_INVALID_DEACTIVATION': macro redefinition
  C:\Program Files (x86)\Windows Kits\8.1\Include\um\winnt.h(2267): note: see previous definition of 'STATUS_SXS_INVALID_DEACTIVATION'
  ioctlizer.cpp
ioctlizer.cpp(173): warning C4267: 'argument': conversion from 'size_t' to 'int', possible loss of data
ioctlizer.cpp(184): warning C4267: 'argument': conversion from 'size_t' to 'int', possible loss of data
  Generating code
  All 16 functions were compiled because no usable IPDB/IOBJ from previous compilation was found.
  Finished generating code
  ioctlizer.vcxproj -> C:\Users\shay\Documents\Visual Studio 2015\Projects\ioctlizer\x64\Release\ioctlizer.exe
